<?xml version="1.0" encoding="UTF-8"?>
<!-- Generated by org.testng.reporters.JUnitReportReporter -->
<testsuite hostname="LAPTOP-T25EG9UR" failures="0" tests="1" name="TestLayer.CreateAccountPageTest" time="0.992" errors="0" timestamp="2023-12-30T01:16:48 IST" skipped="0">
  <testcase classname="TestLayer.CreateAccountPageTest" name="validateCreateNewUser" time="0.992"/>
  <system-out/>
</testsuite> <!-- TestLayer.CreateAccountPageTest -->
